Determining if the pthread_create exist failed with the following output:
Change Dir: /home/yifei/Desktop/visual/darias_camera/build/CMakeFiles/CMakeTmp

Run Build Command:"/usr/bin/make" "cmTC_202bf/fast"
/usr/bin/make -f CMakeFiles/cmTC_202bf.dir/build.make CMakeFiles/cmTC_202bf.dir/build
make[1]: Entering directory '/home/yifei/Desktop/visual/darias_camera/build/CMakeFiles/CMakeTmp'
Building C object CMakeFiles/cmTC_202bf.dir/CheckSymbolExists.c.o
/usr/bin/cc    -o CMakeFiles/cmTC_202bf.dir/CheckSymbolExists.c.o   -c /home/yifei/Desktop/visual/darias_camera/build/CMakeFiles/CMakeTmp/CheckSymbolExists.c
Linking C executable cmTC_202bf
/usr/bin/cmake -E cmake_link_script CMakeFiles/cmTC_202bf.dir/link.txt --verbose=1
/usr/bin/cc      -rdynamic CMakeFiles/cmTC_202bf.dir/CheckSymbolExists.c.o  -o cmTC_202bf 
CMakeFiles/cmTC_202bf.dir/CheckSymbolExists.c.o: In function `main':
CheckSymbolExists.c:(.text+0x1b): undefined reference to `pthread_create'
collect2: error: ld returned 1 exit status
CMakeFiles/cmTC_202bf.dir/build.make:97: recipe for target 'cmTC_202bf' failed
make[1]: *** [cmTC_202bf] Error 1
make[1]: Leaving directory '/home/yifei/Desktop/visual/darias_camera/build/CMakeFiles/CMakeTmp'
Makefile:126: recipe for target 'cmTC_202bf/fast' failed
make: *** [cmTC_202bf/fast] Error 2

File /home/yifei/Desktop/visual/darias_camera/build/CMakeFiles/CMakeTmp/CheckSymbolExists.c:
/* */
#include <pthread.h>

int main(int argc, char** argv)
{
  (void)argv;
#ifndef pthread_create
  return ((int*)(&pthread_create))[argc];
#else
  (void)argc;
  return 0;
#endif
}

Determining if the function pthread_create exists in the pthreads failed with the following output:
Change Dir: /home/yifei/Desktop/visual/darias_camera/build/CMakeFiles/CMakeTmp

Run Build Command:"/usr/bin/make" "cmTC_807d9/fast"
/usr/bin/make -f CMakeFiles/cmTC_807d9.dir/build.make CMakeFiles/cmTC_807d9.dir/build
make[1]: Entering directory '/home/yifei/Desktop/visual/darias_camera/build/CMakeFiles/CMakeTmp'
Building C object CMakeFiles/cmTC_807d9.dir/CheckFunctionExists.c.o
/usr/bin/cc   -DCHECK_FUNCTION_EXISTS=pthread_create   -o CMakeFiles/cmTC_807d9.dir/CheckFunctionExists.c.o   -c /usr/share/cmake-3.10/Modules/CheckFunctionExists.c
Linking C executable cmTC_807d9
/usr/bin/cmake -E cmake_link_script CMakeFiles/cmTC_807d9.dir/link.txt --verbose=1
/usr/bin/cc  -DCHECK_FUNCTION_EXISTS=pthread_create    -rdynamic CMakeFiles/cmTC_807d9.dir/CheckFunctionExists.c.o  -o cmTC_807d9 -lpthreads 
/usr/bin/ld: cannot find -lpthreads
collect2: error: ld returned 1 exit status
CMakeFiles/cmTC_807d9.dir/build.make:97: recipe for target 'cmTC_807d9' failed
make[1]: *** [cmTC_807d9] Error 1
make[1]: Leaving directory '/home/yifei/Desktop/visual/darias_camera/build/CMakeFiles/CMakeTmp'
Makefile:126: recipe for target 'cmTC_807d9/fast' failed
make: *** [cmTC_807d9/fast] Error 2


